c:\users\lenovo\desktop\calculator12\mfcapplication1\debug\vc142.pdb
c:\users\lenovo\desktop\calculator12\mfcapplication1\debug\vc142.idb
c:\users\lenovo\desktop\calculator12\mfcapplication1\debug\operator.obj
c:\users\lenovo\desktop\calculator12\mfcapplication1\debug\mfcapplication1dlg.obj
c:\users\lenovo\desktop\calculator12\mfcapplication1\debug\numbers.obj
c:\users\lenovo\desktop\calculator12\mfcapplication1\debug\mfectooltip.obj
c:\users\lenovo\desktop\calculator12\mfcapplication1\debug\mfcapplication1.obj
c:\users\lenovo\desktop\calculator12\mfcapplication1\debug\mfcapplication1.pch
c:\users\lenovo\desktop\calculator12\mfcapplication1\debug\pch.obj
c:\users\lenovo\desktop\calculator12\mfcapplication1\debug\functions.obj
c:\users\lenovo\desktop\calculator12\mfcapplication1\debug\mfcapplication1.exe
c:\users\lenovo\desktop\calculator12\mfcapplication1\debug\mfcapplication1.ilk
c:\users\lenovo\desktop\calculator12\mfcapplication1\debug\mfcapplication1.pdb
c:\users\lenovo\desktop\calculator12\mfcapplication1\debug\mfcapplication1.res
c:\users\lenovo\desktop\calculator12\mfcapplication1\debug\mfcapplication1.tlog\cl.command.1.tlog
c:\users\lenovo\desktop\calculator12\mfcapplication1\debug\mfcapplication1.tlog\cl.read.1.tlog
c:\users\lenovo\desktop\calculator12\mfcapplication1\debug\mfcapplication1.tlog\cl.write.1.tlog
c:\users\lenovo\desktop\calculator12\mfcapplication1\debug\mfcapplication1.tlog\link.command.1.tlog
c:\users\lenovo\desktop\calculator12\mfcapplication1\debug\mfcapplication1.tlog\link.read.1.tlog
c:\users\lenovo\desktop\calculator12\mfcapplication1\debug\mfcapplication1.tlog\link.write.1.tlog
c:\users\lenovo\desktop\calculator12\mfcapplication1\debug\mfcapplication1.tlog\rc.command.1.tlog
c:\users\lenovo\desktop\calculator12\mfcapplication1\debug\mfcapplication1.tlog\rc.read.1.tlog
c:\users\lenovo\desktop\calculator12\mfcapplication1\debug\mfcapplication1.tlog\rc.write.1.tlog
