d:\mfcapplication1\debug\mfcapplication1.pch
d:\mfcapplication1\debug\vc142.pdb
d:\mfcapplication1\debug\vc142.idb
d:\mfcapplication1\debug\pch.obj
d:\mfcapplication1\debug\stdafx.obj
d:\mfcapplication1\debug\operator.obj
d:\mfcapplication1\debug\numbers.obj
d:\mfcapplication1\debug\mystack.obj
d:\mfcapplication1\debug\mfectooltip.obj
d:\mfcapplication1\debug\mfcapplication1dlg.obj
d:\mfcapplication1\debug\mfcapplication1.obj
d:\mfcapplication1\debug\functions.obj
d:\mfcapplication1\debug\evaluatetree.obj
d:\mfcapplication1\debug\calculation.obj
d:\mfcapplication1\debug\binarytreenode.obj
d:\mfcapplication1\debug\mfcapplication1.exe
d:\mfcapplication1\debug\mfcapplication1.ilk
d:\mfcapplication1\debug\mfcapplication1.pdb
d:\mfcapplication1\debug\mfcapplication1.res
d:\mfcapplication1\debug\caculation.obj
d:\mfcapplication1\debug\intopost.obj
d:\mfcapplication1\debug\mfcapplication1dlg.new.obj.enc
d:\mfcapplication1\debug\mfcapplication1.tlog\cl.command.1.tlog
d:\mfcapplication1\debug\mfcapplication1.tlog\cl.read.1.tlog
d:\mfcapplication1\debug\mfcapplication1.tlog\cl.write.1.tlog
d:\mfcapplication1\debug\mfcapplication1.tlog\link.command.1.tlog
d:\mfcapplication1\debug\mfcapplication1.tlog\link.read.1.tlog
d:\mfcapplication1\debug\mfcapplication1.tlog\link.write.1.tlog
d:\mfcapplication1\debug\mfcapplication1.tlog\rc.command.1.tlog
d:\mfcapplication1\debug\mfcapplication1.tlog\rc.read.1.tlog
d:\mfcapplication1\debug\mfcapplication1.tlog\rc.write.1.tlog
